c:\dev\gambler0.1\build\gambler0.1.dir\release\imgui_impl_glfw.obj
c:\dev\gambler0.1\build\gambler0.1.dir\release\imgui_tables.obj
c:\dev\gambler0.1\build\gambler0.1.dir\release\imgui_widgets.obj
c:\dev\gambler0.1\build\gambler0.1.dir\release\imgui_draw.obj
c:\dev\gambler0.1\build\gambler0.1.dir\release\imgui.obj
c:\dev\gambler0.1\build\gambler0.1.dir\release\main.obj
c:\dev\gambler0.1\build\gambler0.1.dir\release\imgui_demo.obj
c:\dev\gambler0.1\build\gambler0.1.dir\release\imgui_impl_glfw_gl3.obj
c:\dev\gambler0.1\build\gambler0.1.dir\release\imgui_impl_opengl3.obj
c:\dev\gambler0.1\build\cmakefiles\generate.stamp
c:\dev\gambler0.1\bin\release\gambler0.1.exe
c:\dev\gambler0.1\build\gambler0.1.dir\release\gambler0.1.tlog\cl.command.1.tlog
c:\dev\gambler0.1\build\gambler0.1.dir\release\gambler0.1.tlog\cl.read.1.tlog
c:\dev\gambler0.1\build\gambler0.1.dir\release\gambler0.1.tlog\cl.write.1.tlog
c:\dev\gambler0.1\build\gambler0.1.dir\release\gambler0.1.tlog\custombuild.command.1.tlog
c:\dev\gambler0.1\build\gambler0.1.dir\release\gambler0.1.tlog\custombuild.read.1.tlog
c:\dev\gambler0.1\build\gambler0.1.dir\release\gambler0.1.tlog\custombuild.write.1.tlog
c:\dev\gambler0.1\build\gambler0.1.dir\release\gambler0.1.tlog\link.command.1.tlog
c:\dev\gambler0.1\build\gambler0.1.dir\release\gambler0.1.tlog\link.read.1.tlog
c:\dev\gambler0.1\build\gambler0.1.dir\release\gambler0.1.tlog\link.write.1.tlog
